What do you want to do?
        0. End program.
        1. Create a new file and wirte it.
        2. Compress a file.
        3. Extraction a file.
2
Whitch file do you want to compress?
        Compressed file name: a.txt
The name of new compressed file: a2.bin
[Compressed File Head]
        Input file size: 9 bits
        Compressed file size(No filehead): 2 bits
        Compressed file size: 46 bit
        Compressed rate: 516%
        Key huffman character quantity: 4 bits
        Compressed code:
        (character | huffman compression code)
                01000001 10
                01000010 01
                01000011 11
                01000100 00
Finfish compression!

What do you want to do?
        0. End program.
        1. Create a new file and wirte it.
        2. Compress a file.
        3. Extraction a file.
3
Whitch file do you want to extract?
        Extraction file name: a2.bin
[File Head]
        Input file size: 9 bits
        Compressed file size: 46 bits
        Compressed rate: 516%
        Key huffman character quantity: 4 bits
The new file name: a3.txt
Finfish extration!

What do you want to do?
        0. End program.
        1. Create a new file and wirte it.
        2. Compress a file.
        3. Extraction a file.
2
Whitch file do you want to compress?
        Compressed file name: b.txt
The name of new compressed file: b2.bin
[Compressed File Head]
        Input file size: 512 bits
        Compressed file size(No filehead): 214 bits
        Compressed file size: 315 bit
        Compressed rate: 61%
        Key huffman character quantity: 10 bits
        Compressed code:
        (character | huffman compression code)
                01000001 010
                01000010 1101
                01000011 000
                01000100 1111
                01000101 001
                01000110 1100
                01000111 100
                01001000 1110
                01001001 011
                01001010 101
Finfish compression!

What do you want to do?
        0. End program.
        1. Create a new file and wirte it.
        2. Compress a file.
        3. Extraction a file.
3
Whitch file do you want to extract?
        Extraction file name: b2.bin
[File Head]
        Input file size: 512 bits
        Compressed file size: 315 bits
        Compressed rate: 61%
        Key huffman character quantity: 10 bits
The new file name: b3.txt
Finfish extration!

What do you want to do?
        0. End program.
        1. Create a new file and wirte it.
        2. Compress a file.
        3. Extraction a file.
2
Whitch file do you want to compress?
        Compressed file name: c.txt
The name of new compressed file: c2.bin
[Compressed File Head]
        Input file size: 1048575 bits
        Compressed file size(No filehead): 262141 bits
        Compressed file size: 262466 bit
        Compressed rate: 25%
        Key huffman character quantity: 20 bits
        Compressed code:
        (character | huffman compression code)
                01000001 0000000000000000000
                01000010 0000000000000000001
                01000011 000000000000000001
                01000100 00000000000000001
                01000101 0000000000000001
                01000110 000000000000001
                01000111 00000000000001
                01001000 0000000000001
                01001001 000000000001
                01001010 00000000001
                01001011 0000000001
                01001100 000000001
                01001101 00000001
                01001110 0000001
                01001111 000001
                01010000 00001
                01010001 0001
                01010010 001
                01010011 01
                01010100 1
Finfish compression!

What do you want to do?
        0. End program.
        1. Create a new file and wirte it.
        2. Compress a file.
        3. Extraction a file.
3
Whitch file do you want to extract?
        Extraction file name: c2.bin
[File Head]
        Input file size: 1048575 bits
        Compressed file size: 262466 bits
        Compressed rate: 25%
        Key huffman character quantity: 20 bits
The new file name: c3.txt
Finfish extration!

What do you want to do?
        0. End program.
        1. Create a new file and wirte it.
        2. Compress a file.
        3. Extraction a file.
2
Whitch file do you want to compress?
        Compressed file name: d.jpg
The name of new compressed file: d2.bin
[Compressed File Head]
        Input file size: 79928 bits
        Compressed file size(No filehead): 78174 bits
        Compressed file size: 81544 bit
        Compressed rate: 102%
        Key huffman character quantity: 256 bits
        Compressed code:
        (character | huffman compression code)
                00000000 110001
                00000001 11110100
                00000010 00101111
                00000011 110100100
                00000100 011001110
                00000101 10110011
                00000110 100101000
                00000111 00011110
                00001000 110110010
                00001001 01000001
                00001010 0001001
                00001011 01001100
                00001100 111000101
                00001101 00010101
                00001110 110110011
                00001111 10100010
                00010000 011001111
                00010001 00100100
                00010010 111111111
                00010011 01010011
                00010100 11011110
                00010101 10011111
                00010110 00100010
                00010111 10111111
                00011000 00101000
                00011001 01011010
                00011010 01110111
                00011011 00110011
                00011100 01001000
                00011101 111110101
                00011110 01111100
                00011111 11110110
                00100000 001000001
                00100001 011111010
                00100010 100100010
                00100011 01000000
                00100100 00001000
                00100101 01101000
                00100110 00010001
                00100111 01110010
                00101000 11111110
                00101001 10101100
                00101010 11001111
                00101011 01100100
                00101100 01010110
                00101101 01110001
                00101110 10000110
                00101111 10111101
                00110000 101110011
                00110001 00011100
                00110010 00000101
                00110011 00100001
                00110100 11001010
                00110101 11011101
                00110110 111111001
                00110111 10000000
                00111000 10010000
                00111001 01101110
                00111010 10100101
                00111011 111111110
                00111100 11010001
                00111101 111111011
                00111110 11000000
                00111111 0010110
                01000000 111110001
                01000001 100101001
                01000010 00000110
                01000011 110000111
                01000100 1111100001
                01000101 00100011
                01000110 10000001
                01000111 10010101
                01001000 110000110
                01001001 11010101
                01001010 0000111
                01001011 11000010
                01001100 011111011
                01001101 10010111
                01001110 11011111
                01001111 11101101
                01010000 10100011
                01010001 01111001
                01010010 11101100
                01010011 11010100
                01010100 10011000
                01010101 11010111
                01010110 10110001
                01010111 11001000
                01011000 01011011
                01011001 10010010
                01011010 0000000
                01011011 11100001
                01011100 00110111
                01011101 10000010
                01011110 10011010
                01011111 0000110
                01100000 001110100
                01100001 01001101
                01100010 111111000
                01100011 01101101
                01100100 100111011
                01100101 10101000
                01100110 00011001
                01100111 10100001
                01101000 00110001
                01101001 0000001
                01101010 11011011
                01101011 11010110
                01101100 101110010
                01101101 10100100
                01101110 01000010
                01101111 11010000
                01110000 00011000
                01110001 10110100
                01110010 111100111
                01110011 01100000
                01110100 01111110
                01110101 11011000
                01110110 111101011
                01110111 01100001
                01111000 0011010
                01111001 01110110
                01111010 00000100
                01111011 01101001
                01111100 11111001
                01111101 00110000
                01111110 11110111
                01111111 0011100
                10000000 01010111
                10000001 001110101
                10000010 00111111
                10000011 00011101
                10000100 01010100
                10000101 01010101
                10000110 01111000
                10000111 10100110
                10001000 00101010
                10001001 01001011
                10001010 10011100
                10001011 10010011
                10001100 10110000
                10001101 10011110
                10001110 01110101
                10001111 10111110
                10010000 001000000
                10010001 101010100
                10010010 10000011
                10010011 01001001
                10010100 10000111
                10010101 11100101
                10010110 10001011
                10010111 10101101
                10011000 100100011
                10011001 110110101
                10011010 11001110
                10011011 01110011
                10011100 10110010
                10011101 10000101
                10011110 10001010
                10011111 11111011
                10100000 01110000
                10100001 00101110
                10100010 101010101
                10100011 11010011
                10100100 01100101
                10100101 0001011
                10100110 01101010
                10100111 0010011
                10101000 00011111
                10101001 0000101
                10101010 10011001
                10101011 11101000
                10101100 00111110
                10101101 11100000
                10101110 01010001
                10101111 11101111
                10110000 111100110
                10110001 00101011
                10110010 00111100
                10110011 10001100
                10110100 10111000
                10110101 11101001
                10110110 01010010
                10110111 10011011
                10111000 00110110
                10111001 01010000
                10111010 00111011
                10111011 00111101
                10111100 11001100
                10111101 00100101
                10111110 10110101
                10111111 11110001
                11000000 100111010
                11000001 10101110
                11000010 11001011
                11000011 0001101
                11000100 11101010
                11000101 11000001
                11000110 10111100
                11000111 10001111
                11001000 1111100000
                11001001 00010000
                11001010 01110100
                11001011 10101111
                11001100 111111010
                11001101 01101011
                11001110 01011001
                11001111 10010110
                11010000 111000100
                11010001 01100110
                11010010 11001101
                11010011 11101011
                11010100 10100111
                11010101 10100000
                11010110 10001110
                11010111 01111111
                11011000 111100101
                11011001 01111010
                11011010 11001001
                11011011 01111011
                11011100 00000111
                11011101 00110010
                11011110 10001101
                11011111 11100100
                11100000 10101011
                11100001 0110001
                11100010 0100111
                11100011 11110000
                11100100 110110100
                11100101 01101111
                11100110 00101001
                11100111 01000111
                11101000 110100101
                11101001 01101100
                11101010 10000100
                11101011 01011101
                11101100 01011100
                11101101 10101001
                11101110 00010100
                11101111 01000011
                11110000 1011011
                11110001 1000100
                11110010 01000110
                11110011 01011000
                11110100 111100100
                11110101 111110100
                11110110 11100011
                11110111 111101010
                11111000 1110011
                11111001 00001001
                11111010 01001010
                11111011 11011100
                11111100 0101111
                11111101 11101110
                11111110 0100010
                11111111 1011101
Finfish compression!

What do you want to do?
        0. End program.
        1. Create a new file and wirte it.
        2. Compress a file.
        3. Extraction a file.
3
Whitch file do you want to extract?
        Extraction file name: d2.bin
[File Head]
        Input file size: 79928 bits
        Compressed file size: 81544 bits
        Compressed rate: 102%
        Key huffman character quantity: 256 bits
The new file name: d3.jpg
Finfish extration!

What do you want to do?
        0. End program.
        1. Create a new file and wirte it.
        2. Compress a file.
        3. Extraction a file.
0
Program end!