基本測試資料 1
─────────────────
The terms of function A: 0
The terms of function B: 3
1 2
1 1
1 0

【Case 1】
ADD
 1 2
 1 1
 1 0
MULTIPLY
 0 0

The terms of function A: 3
3 5
1 1
1 1
The terms of function B: 2
-2 1
1 2

【Case 2】
ADD
 3 5
 1 2
MULTIPLY
 3 7
-6 6
 2 3
-4 2

The terms of function A: 2
5 1
-7 0
The terms of function B: 2
-5 1
7 0

【Case 3】
ADD
 0 0
MULTIPLY
-25 2
70 1
-49 0

The terms of function A: 0
The terms of function B: 0
Program End

─────────────────
基本測試資料 2
─────────────────
The terms of function A: 0
The terms of function B: 3
1 2
1 1
1 0

【Case 1】
ADD
 1 2
 1 1
 1 0
MULTIPLY
 0 0

The terms of function A: 5
1 5
-2 1
2 1
2 5
2 1
The terms of function B: 2
-2 1
1 2

【Case 2】
ADD
 3 5
 1 2
MULTIPLY
 3 7
-6 6
 2 3
-4 2

The terms of function A: 8
1 1
-1 1
1 1
1 1
1 1
1 1
1 1
-7 0
The terms of function B: 8
1 0
1 0
1 0
-5 1
1 0
1 0
1 0
1 0

【Case 3】
ADD
 0 0
MULTIPLY
-25 2
70 1
-49 0

The terms of function A: 0
The terms of function B: 0
Program End
